<?xml version="1.0" encoding="UTF-8"?>
<!-- Generated by org.testng.reporters.JUnitXMLReporter -->
<testsuite hostname="Dwipesh" ignored="4" name="Test" tests="1" failures="1" timestamp="20 Apr 2019 04:36:34 GMT" time="31.006" errors="0">
  <testcase name="testCase1" time="13.539" classname="com.test.phptravelsUser.TestSuit1">
    <failure type="java.lang.AssertionError" message="expected [www.phptravels.net] but found [PHPTRAVELS | Travel Technology Partner]">
      <![CDATA[java.lang.AssertionError: expected [www.phptravels.net] but found [PHPTRAVELS | Travel Technology Partner]
at com.test.phptravelsUser.TestSuit1.testCase1(TestSuit1.java:28)
... Removed 31 stack frames]]>
    </failure>
  </testcase> <!-- testCase1 -->
  <testcase name="testCase2" time="0.0" classname="com.test.phptravelsUser.TestSuit1">
    <ignored/>
  </testcase> <!-- testCase2 -->
  <testcase name="imageTestClickFlight" time="0.0" classname="com.test.phptravelsUser.TestSuit1">
    <ignored/>
  </testcase> <!-- imageTestClickFlight -->
  <testcase name="testCase3" time="0.0" classname="com.test.phptravelsUser.TestSuit1">
    <ignored/>
  </testcase> <!-- testCase3 -->
  <testcase name="testCase4" time="0.0" classname="com.test.phptravelsUser.TestSuit1">
    <ignored/>
  </testcase> <!-- testCase4 -->
</testsuite> <!-- Test -->
