<?xml version="1.0" encoding="UTF-8"?>
<!-- Generated by org.testng.reporters.JUnitXMLReporter -->
<testsuite hostname="Dwipesh" ignored="4" name="Test" tests="3" failures="3" timestamp="13 Apr 2019 14:25:14 GMT" time="191.614" errors="0">
  <testcase name="testCase3" time="43.449" classname="com.test.phptravelsUser.TestSuit1">
    <failure type="java.lang.AssertionError" message="expected [My Account] but found [Login]">
      <![CDATA[java.lang.AssertionError: expected [My Account] but found [Login]
at com.test.phptravelsUser.TestSuit1.testCase3(TestSuit1.java:100)
... Removed 31 stack frames]]>
    </failure>
  </testcase> <!-- testCase3 -->
  <testcase name="testCase3" time="68.428" classname="com.test.phptravelsUser.TestSuit1">
    <failure type="java.lang.AssertionError" message="expected [My Account] but found [Login]">
      <![CDATA[java.lang.AssertionError: expected [My Account] but found [Login]
at com.test.phptravelsUser.TestSuit1.testCase3(TestSuit1.java:100)
... Removed 31 stack frames]]>
    </failure>
  </testcase> <!-- testCase3 -->
  <testcase name="testCase3" time="60.655" classname="com.test.phptravelsUser.TestSuit1">
    <failure type="java.lang.AssertionError" message="expected [My Account] but found [Login]">
      <![CDATA[java.lang.AssertionError: expected [My Account] but found [Login]
at com.test.phptravelsUser.TestSuit1.testCase3(TestSuit1.java:100)
... Removed 31 stack frames]]>
    </failure>
  </testcase> <!-- testCase3 -->
  <testcase name="testCase1" time="0.0" classname="com.test.phptravelsUser.TestSuit1">
    <ignored/>
  </testcase> <!-- testCase1 -->
  <testcase name="testCase2" time="0.0" classname="com.test.phptravelsUser.TestSuit1">
    <ignored/>
  </testcase> <!-- testCase2 -->
  <testcase name="imageTestClickFlight" time="0.0" classname="com.test.phptravelsUser.TestSuit1">
    <ignored/>
  </testcase> <!-- imageTestClickFlight -->
  <testcase name="testCase4" time="0.0" classname="com.test.phptravelsUser.TestSuit1">
    <ignored/>
  </testcase> <!-- testCase4 -->
</testsuite> <!-- Test -->
