<?xml version="1.0" encoding="UTF-8"?>
<testng-results skipped="0" failed="0" ignored="4" total="5" passed="1">
  <reporter-output>
  </reporter-output>
  <suite name="Default suite" duration-ms="34986" started-at="2019-04-14T07:40:27Z" finished-at="2019-04-14T07:41:02Z">
    <groups>
    </groups>
    <test name="Default test" duration-ms="34986" started-at="2019-04-14T07:40:27Z" finished-at="2019-04-14T07:41:02Z">
      <class name="com.test.phptravelsUser.TestSuit1">
        <test-method status="PASS" signature="beforeClass()[pri:0, instance:com.test.phptravelsUser.TestSuit1@29ca901e]" name="beforeClass" is-config="true" duration-ms="249" started-at="2019-04-14T07:40:27Z" finished-at="2019-04-14T07:40:28Z">
          <reporter-output>
          </reporter-output>
        </test-method> <!-- beforeClass -->
        <test-method status="PASS" signature="launchBrowser(java.lang.reflect.Method, [Ljava.lang.Object;)[pri:0, instance:com.test.phptravelsUser.TestSuit1@29ca901e]" name="launchBrowser" is-config="true" duration-ms="4370" started-at="2019-04-14T07:40:28Z" finished-at="2019-04-14T07:40:32Z">
          <params>
            <param index="0">
              <value>
                <![CDATA[void com.test.phptravelsUser.TestSuit1.testCase1()]]>
              </value>
            </param>
            <param index="1">
              <value>
                <![CDATA[[Ljava.lang.Object;@7d1cfb8b]]>
              </value>
            </param>
          </params>
          <reporter-output>
          </reporter-output>
        </test-method> <!-- launchBrowser -->
        <test-method status="PASS" signature="testCase1()[pri:0, instance:com.test.phptravelsUser.TestSuit1@29ca901e]" name="testCase1" duration-ms="30328" started-at="2019-04-14T07:40:32Z" finished-at="2019-04-14T07:41:02Z">
          <reporter-output>
          </reporter-output>
        </test-method> <!-- testCase1 -->
        <test-method status="FAIL" signature="tearDown(org.testng.ITestResult, org.testng.ITestNGMethod)[pri:0, instance:com.test.phptravelsUser.TestSuit1@29ca901e]" name="tearDown" is-config="true" duration-ms="0" started-at="2019-04-14T07:41:02Z" finished-at="2019-04-14T07:41:02Z">
          <exception class="org.testng.TestNGException">
            <message>
              <![CDATA[
Can inject only one of <ITestContext, XmlTest, Method, Object[], ITestResult> into a @AfterMethod annotated tearDown.
For more information on native dependency injection please refer to http://testng.org/doc/documentation-main.html#native-dependency-injection]]>
            </message>
            <full-stacktrace>
              <![CDATA[org.testng.TestNGException: 
Can inject only one of <ITestContext, XmlTest, Method, Object[], ITestResult> into a @AfterMethod annotated tearDown.
For more information on native dependency injection please refer to http://testng.org/doc/documentation-main.html#native-dependency-injection
at org.testng.internal.Parameters.checkParameterTypes(Parameters.java:407)
at org.testng.internal.Parameters.createParametersForMethod(Parameters.java:356)
at org.testng.internal.Parameters.createParameters(Parameters.java:635)
at org.testng.internal.Parameters.createConfigurationParameters(Parameters.java:190)
at org.testng.internal.Invoker.invokeConfigurations(Invoker.java:209)
at org.testng.internal.Invoker.invokeMethod(Invoker.java:646)
at org.testng.internal.Invoker.invokeTestMethod(Invoker.java:719)
at org.testng.internal.Invoker.invokeTestMethods(Invoker.java:989)
at org.testng.internal.TestMethodWorker.invokeTestMethods(TestMethodWorker.java:125)
at org.testng.internal.TestMethodWorker.run(TestMethodWorker.java:109)
at org.testng.TestRunner.privateRun(TestRunner.java:648)
at org.testng.TestRunner.run(TestRunner.java:505)
at org.testng.SuiteRunner.runTest(SuiteRunner.java:455)
at org.testng.SuiteRunner.runSequentially(SuiteRunner.java:450)
at org.testng.SuiteRunner.privateRun(SuiteRunner.java:415)
at org.testng.SuiteRunner.run(SuiteRunner.java:364)
at org.testng.SuiteRunnerWorker.runSuite(SuiteRunnerWorker.java:52)
at org.testng.SuiteRunnerWorker.run(SuiteRunnerWorker.java:84)
at org.testng.TestNG.runSuitesSequentially(TestNG.java:1208)
at org.testng.TestNG.runSuitesLocally(TestNG.java:1137)
at org.testng.TestNG.runSuites(TestNG.java:1049)
at org.testng.TestNG.run(TestNG.java:1017)
at org.testng.remote.AbstractRemoteTestNG.run(AbstractRemoteTestNG.java:114)
at org.testng.remote.RemoteTestNG.initAndRun(RemoteTestNG.java:251)
at org.testng.remote.RemoteTestNG.main(RemoteTestNG.java:77)
]]>
            </full-stacktrace>
          </exception> <!-- org.testng.TestNGException -->
          <reporter-output>
          </reporter-output>
        </test-method> <!-- tearDown -->
        <test-method status="SKIP" signature="generateLog()[pri:0, instance:com.test.phptravelsUser.TestSuit1@29ca901e]" name="generateLog" is-config="true" duration-ms="0" started-at="2019-04-14T07:41:02Z" finished-at="2019-04-14T07:41:02Z">
          <reporter-output>
          </reporter-output>
        </test-method> <!-- generateLog -->
      </class> <!-- com.test.phptravelsUser.TestSuit1 -->
    </test> <!-- Default test -->
  </suite> <!-- Default suite -->
</testng-results>
