<?xml version="1.0" encoding="UTF-8"?>
<!-- Generated by org.testng.reporters.JUnitXMLReporter -->
<testsuite hostname="Dwipesh" ignored="4" name="Default test" tests="1" failures="0" timestamp="19 Apr 2019 07:17:35 GMT" time="21.267" errors="0">
  <testcase name="testCase1" time="9.369" classname="com.test.phptravelsUser.TestSuit1"/>
  <testcase name="testCase2" time="0.0" classname="com.test.phptravelsUser.TestSuit1">
    <ignored/>
  </testcase> <!-- testCase2 -->
  <testcase name="imageTestClickFlight" time="0.0" classname="com.test.phptravelsUser.TestSuit1">
    <ignored/>
  </testcase> <!-- imageTestClickFlight -->
  <testcase name="testCase3" time="0.0" classname="com.test.phptravelsUser.TestSuit1">
    <ignored/>
  </testcase> <!-- testCase3 -->
  <testcase name="testCase4" time="0.0" classname="com.test.phptravelsUser.TestSuit1">
    <ignored/>
  </testcase> <!-- testCase4 -->
</testsuite> <!-- Default test -->
